2026.04.16 16:32:56 INFO  Started: Metals version 1.6.7 in folders 'C:\Users\mikke\OneDrive\Desktop\DTU\02112 Embedded systems programming\02139-vending-machine' for client Visual Studio Code 1.116.0.
2026.04.16 16:32:56 INFO  Memory monitor started
2026.04.16 16:32:58 WARN  Using H2 2.4.240 which is newer than the version Flyway has been verified with. The latest verified version of H2 is 2.3.232.
2026.04.16 16:32:58 INFO  no build target found for C:\Users\mikke\OneDrive\Desktop\DTU\02112 Embedded systems programming\02139-vending-machine\vending\src\main\scala\VendingMachine.scala. Using presentation compiler with project's scala-library version: 3.3.7
2026.04.16 16:33:01 INFO  no build target found for C:\Users\mikke\OneDrive\Desktop\DTU\02112 Embedded systems programming\02139-vending-machine\vending\src\main\scala\VendingMachine.scala. Using presentation compiler with project's scala-library version: 3.3.7
2026.04.16 16:33:18 INFO  no build target found for C:\Users\mikke\OneDrive\Desktop\DTU\02112 Embedded systems programming\02139-vending-machine\vending\src\main\scala\VendingMachine.scala. Using presentation compiler with project's scala-library version: 3.3.7
2026.04.16 16:33:22 INFO  running 'C:\Program Files\Zulu\zulu-21\bin\java.exe -Djline.terminal=jline.UnsupportedTerminal -Dsbt.log.noformat=true -Dfile.encoding=UTF-8 -jar C:\Users\mikke\AppData\Local\Temp\metals5814634305704523725\sbt-launch.jar -Dbloop.export-jar-classifiers=sources bloopInstall'
2026.04.16 16:33:25 INFO  [info] welcome to sbt 1.12.2 (Azul Systems, Inc. Java 21.0.8)
2026.04.16 16:33:27 INFO  no build target found for C:\Users\mikke\OneDrive\Desktop\DTU\02112 Embedded systems programming\02139-vending-machine\vending\src\main\scala\VendingMachine.scala. Using presentation compiler with project's scala-library version: 3.3.7
2026.04.16 16:33:27 INFO  no build target found for C:\Users\mikke\OneDrive\Desktop\DTU\02112 Embedded systems programming\02139-vending-machine\vending\build.sbt. Using presentation compiler with project's scala-library version: 3.3.7
2026.04.16 16:33:27 INFO  no build target found for C:\Users\mikke\OneDrive\Desktop\DTU\02112 Embedded systems programming\02139-vending-machine\vending\build.sbt. Using presentation compiler with project's scala-library version: 3.3.7
Apr 16, 2026 4:33:27 PM org.eclipse.lsp4j.jsonrpc.RemoteEndpoint handleCancellation
WARNING: Unmatched cancel notification for request id 11
2026.04.16 16:33:27 INFO  no build target found for C:\Users\mikke\OneDrive\Desktop\DTU\02112 Embedded systems programming\02139-vending-machine\vending\build.sbt. Using presentation compiler with project's scala-library version: 3.3.7
2026.04.16 16:33:29 INFO  [info] loading settings for project vending-build-build from metals.sbt...
2026.04.16 16:33:30 INFO  [info] loading project definition from C:\Users\mikke\OneDrive\Desktop\DTU\02112 Embedded systems programming\02139-vending-machine\vending\project\project
2026.04.16 16:33:32 INFO  no build target found for C:\Users\mikke\OneDrive\Desktop\DTU\02112 Embedded systems programming\02139-vending-machine\vending\build.sbt. Using presentation compiler with project's scala-library version: 3.3.7
2026.04.16 16:33:35 INFO  [info] loading settings for project vending-build from metals.sbt...
2026.04.16 16:33:35 INFO  [info] loading project definition from C:\Users\mikke\OneDrive\Desktop\DTU\02112 Embedded systems programming\02139-vending-machine\vending\project
2026.04.16 16:33:37 INFO  no build target found for C:\Users\mikke\OneDrive\Desktop\DTU\02112 Embedded systems programming\02139-vending-machine\vending\src\main\scala\VendingMachine.scala. Using presentation compiler with project's scala-library version: 3.3.7
Apr 16, 2026 4:33:37 PM org.eclipse.lsp4j.jsonrpc.RemoteEndpoint handleCancellation
WARNING: Unmatched cancel notification for request id 19
2026.04.16 16:33:37 INFO  no build target found for C:\Users\mikke\OneDrive\Desktop\DTU\02112 Embedded systems programming\02139-vending-machine\vending\src\main\scala\VendingMachine.scala. Using presentation compiler with project's scala-library version: 3.3.7
2026.04.16 16:33:37 INFO  no build target found for C:\Users\mikke\OneDrive\Desktop\DTU\02112 Embedded systems programming\02139-vending-machine\vending\src\main\scala\VendingMachine.scala. Using presentation compiler with project's scala-library version: 3.3.7
Apr 16, 2026 4:33:37 PM org.eclipse.lsp4j.jsonrpc.RemoteEndpoint handleCancellation
WARNING: Unmatched cancel notification for request id 22
2026.04.16 16:33:37 INFO  no build target found for C:\Users\mikke\OneDrive\Desktop\DTU\02112 Embedded systems programming\02139-vending-machine\vending\src\main\scala\VendingMachine.scala. Using presentation compiler with project's scala-library version: 3.3.7
2026.04.16 16:33:38 INFO  [success] Generated .bloop\vending-build.json
2026.04.16 16:33:38 INFO  [success] Total time: 3 s, completed 16 Apr 2026, 16:33:38
Apr 16, 2026 4:33:39 PM org.eclipse.lsp4j.jsonrpc.services.GenericEndpoint notify
INFO: Unsupported notification method: $/setTrace
2026.04.16 16:33:39 INFO  no build target found for C:\Users\mikke\OneDrive\Desktop\DTU\02112 Embedded systems programming\02139-vending-machine\vending\src\main\scala\VendingMachine.scala. Using presentation compiler with project's scala-library version: 3.3.7
2026.04.16 16:33:41 INFO  [info] loading settings for project vending from build.sbt...
2026.04.16 16:33:41 INFO  [info] set current project to vending (in build file:/C:/Users/mikke/OneDrive/Desktop/DTU/02112%20Embedded%20systems%20programming/02139-vending-machine/vending/)
2026.04.16 16:33:43 INFO  [success] Generated .bloop\vending.json
2026.04.16 16:33:43 INFO  [success] Generated .bloop\vending-test.json
2026.04.16 16:33:43 INFO  [success] Total time: 1 s, completed 16 Apr 2026, 16:33:43
2026.04.16 16:33:43 INFO  time: ran 'sbt bloopInstall' in 21s
2026.04.16 16:33:43 INFO  Attempting to connect to the build server...
2026.04.16 16:33:43 INFO  Found a Bloop server running
2026.04.16 16:33:43 INFO  tracing is disabled for protocol BSP, to enable tracing of incoming and outgoing JSON messages create an empty file at C:\Users\mikke\OneDrive\Desktop\DTU\02112 Embedded systems programming\02139-vending-machine\.metals\bsp.trace.json or C:\Users\mikke\AppData\Local\scalameta\metals\cache\bsp.trace.json
2026.04.16 16:33:44 INFO  time: Connected to build server in 1.09s
2026.04.16 16:33:44 INFO  Connected to Build server: Bloop v2.0.19
2026.04.16 16:33:44 INFO  time: Imported build in 0.2s
2026.04.16 16:33:44 WARN  2.13.14 is no longer supported in the current Metals versions, using the last known supported version 1.6.3
Apr 16, 2026 4:33:45 PM org.eclipse.lsp4j.jsonrpc.services.GenericEndpoint notify
INFO: Unsupported notification method: $/setTrace
2026.04.16 16:33:48 WARN  Using H2 2.4.240 which is newer than the version Flyway has been verified with. The latest verified version of H2 is 2.3.232.
2026.04.16 16:33:54 INFO  time: indexed workspace in 9.59s
2026.04.16 16:33:56 INFO  compiling vending (2 scala sources)
2026.04.16 16:34:10 INFO  compiling vending-test (2 scala sources)
2026.04.16 16:34:11 INFO  time: compiled vending in 15s
2026.04.16 16:34:17 INFO  time: compiled vending-test in 7.15s
2026.04.16 16:34:18 INFO  no build target found for C:\Users\mikke\OneDrive\Desktop\DTU\02112 Embedded systems programming\02139-vending-machine\vending\build.sbt. Using presentation compiler with project's scala-library version: 2.13.18
2026.04.16 16:34:18 WARN  no build target for: C:\Users\mikke\OneDrive\Desktop\DTU\02112 Embedded systems programming\02139-vending-machine\vending\build.sbt
2026.04.16 16:34:21 INFO  time: code lens generation in 3.06s
Apr 16, 2026 4:39:50 PM org.eclipse.lsp4j.jsonrpc.RemoteEndpoint handleCancellation
WARNING: Unmatched cancel notification for request id 159
Apr 16, 2026 4:39:55 PM org.eclipse.lsp4j.jsonrpc.RemoteEndpoint handleCancellation
WARNING: Unmatched cancel notification for request id 199
Apr 16, 2026 4:40:53 PM org.eclipse.lsp4j.jsonrpc.RemoteEndpoint handleCancellation
WARNING: Unmatched cancel notification for request id 299
Apr 16, 2026 4:40:53 PM org.eclipse.lsp4j.jsonrpc.RemoteEndpoint handleCancellation
WARNING: Unmatched cancel notification for request id 297
Apr 16, 2026 4:40:53 PM org.eclipse.lsp4j.jsonrpc.RemoteEndpoint handleCancellation
WARNING: Unmatched cancel notification for request id 298
Apr 16, 2026 4:40:54 PM org.eclipse.lsp4j.jsonrpc.RemoteEndpoint handleCancellation
WARNING: Unmatched cancel notification for request id 303
Apr 16, 2026 4:40:54 PM org.eclipse.lsp4j.jsonrpc.RemoteEndpoint handleCancellation
WARNING: Unmatched cancel notification for request id 304
Apr 16, 2026 4:40:54 PM org.eclipse.lsp4j.jsonrpc.RemoteEndpoint handleCancellation
WARNING: Unmatched cancel notification for request id 306
Apr 16, 2026 4:40:54 PM org.eclipse.lsp4j.jsonrpc.RemoteEndpoint handleCancellation
WARNING: Unmatched cancel notification for request id 305
Apr 16, 2026 4:40:54 PM org.eclipse.lsp4j.jsonrpc.RemoteEndpoint handleCancellation
WARNING: Unmatched cancel notification for request id 307
Apr 16, 2026 4:40:54 PM org.eclipse.lsp4j.jsonrpc.RemoteEndpoint handleCancellation
WARNING: Unmatched cancel notification for request id 308
Apr 16, 2026 4:40:54 PM org.eclipse.lsp4j.jsonrpc.RemoteEndpoint handleCancellation
WARNING: Unmatched cancel notification for request id 310
Apr 16, 2026 4:40:54 PM org.eclipse.lsp4j.jsonrpc.RemoteEndpoint handleCancellation
WARNING: Unmatched cancel notification for request id 311
Apr 16, 2026 4:41:03 PM scala.meta.internal.pc.CompletionProvider expected$1
WARNING: Range [408, 408 + -1) out of bounds for length 433
2026.04.16 16:41:11 INFO  compiling vending-test (1 scala source)
2026.04.16 16:41:14 INFO  time: compiled vending-test in 2.17s
Apr 16, 2026 4:41:45 PM org.eclipse.lsp4j.jsonrpc.RemoteEndpoint handleCancellation
WARNING: Unmatched cancel notification for request id 482
Apr 16, 2026 4:41:45 PM org.eclipse.lsp4j.jsonrpc.RemoteEndpoint handleCancellation
WARNING: Unmatched cancel notification for request id 483
Apr 16, 2026 4:41:45 PM org.eclipse.lsp4j.jsonrpc.RemoteEndpoint handleCancellation
WARNING: Unmatched cancel notification for request id 484
Apr 16, 2026 4:41:45 PM org.eclipse.lsp4j.jsonrpc.RemoteEndpoint handleCancellation
WARNING: Unmatched cancel notification for request id 485
Apr 16, 2026 4:42:54 PM org.eclipse.lsp4j.jsonrpc.RemoteEndpoint handleCancellation
WARNING: Unmatched cancel notification for request id 624
Apr 16, 2026 4:43:07 PM org.eclipse.lsp4j.jsonrpc.RemoteEndpoint handleCancellation
WARNING: Unmatched cancel notification for request id 748
Apr 16, 2026 4:43:10 PM org.eclipse.lsp4j.jsonrpc.RemoteEndpoint handleCancellation
WARNING: Unmatched cancel notification for request id 796
Apr 16, 2026 4:43:16 PM org.eclipse.lsp4j.jsonrpc.RemoteEndpoint handleCancellation
WARNING: Unmatched cancel notification for request id 823
Apr 16, 2026 4:43:16 PM org.eclipse.lsp4j.jsonrpc.RemoteEndpoint handleCancellation
WARNING: Unmatched cancel notification for request id 832
Apr 16, 2026 4:43:27 PM org.eclipse.lsp4j.jsonrpc.RemoteEndpoint handleCancellation
WARNING: Unmatched cancel notification for request id 959
Apr 16, 2026 4:43:32 PM org.eclipse.lsp4j.jsonrpc.RemoteEndpoint handleCancellation
WARNING: Unmatched cancel notification for request id 1001
Apr 16, 2026 4:43:43 PM org.eclipse.lsp4j.jsonrpc.RemoteEndpoint handleCancellation
WARNING: Unmatched cancel notification for request id 1085
Apr 16, 2026 4:43:44 PM org.eclipse.lsp4j.jsonrpc.RemoteEndpoint handleCancellation
WARNING: Unmatched cancel notification for request id 1088
Apr 16, 2026 4:43:45 PM org.eclipse.lsp4j.jsonrpc.RemoteEndpoint handleCancellation
WARNING: Unmatched cancel notification for request id 1108
Apr 16, 2026 4:43:46 PM org.eclipse.lsp4j.jsonrpc.RemoteEndpoint handleCancellation
WARNING: Unmatched cancel notification for request id 1112
Apr 16, 2026 4:43:46 PM org.eclipse.lsp4j.jsonrpc.RemoteEndpoint handleCancellation
WARNING: Unmatched cancel notification for request id 1117
Apr 16, 2026 4:43:55 PM org.eclipse.lsp4j.jsonrpc.RemoteEndpoint handleCancellation
WARNING: Unmatched cancel notification for request id 1183
Apr 16, 2026 4:44:11 PM org.eclipse.lsp4j.jsonrpc.RemoteEndpoint handleCancellation
WARNING: Unmatched cancel notification for request id 1347
Apr 16, 2026 4:44:11 PM org.eclipse.lsp4j.jsonrpc.RemoteEndpoint handleCancellation
WARNING: Unmatched cancel notification for request id 1348
Apr 16, 2026 4:45:00 PM org.eclipse.lsp4j.jsonrpc.RemoteEndpoint handleCancellation
WARNING: Unmatched cancel notification for request id 1634
Apr 16, 2026 4:45:34 PM org.eclipse.lsp4j.jsonrpc.RemoteEndpoint handleCancellation
WARNING: Unmatched cancel notification for request id 1670
Apr 16, 2026 4:45:35 PM org.eclipse.lsp4j.jsonrpc.RemoteEndpoint handleCancellation
WARNING: Unmatched cancel notification for request id 1687
Apr 16, 2026 4:52:10 PM org.eclipse.lsp4j.jsonrpc.RemoteEndpoint handleCancellation
WARNING: Unmatched cancel notification for request id 1822
Apr 16, 2026 4:52:10 PM org.eclipse.lsp4j.jsonrpc.RemoteEndpoint handleCancellation
WARNING: Unmatched cancel notification for request id 1823
Apr 16, 2026 4:54:25 PM org.eclipse.lsp4j.jsonrpc.RemoteEndpoint handleCancellation
WARNING: Unmatched cancel notification for request id 1912
Apr 16, 2026 4:54:46 PM org.eclipse.lsp4j.jsonrpc.RemoteEndpoint handleCancellation
WARNING: Unmatched cancel notification for request id 1986
Apr 16, 2026 4:54:55 PM org.eclipse.lsp4j.jsonrpc.RemoteEndpoint handleCancellation
WARNING: Unmatched cancel notification for request id 2025
Apr 16, 2026 4:54:57 PM org.eclipse.lsp4j.jsonrpc.RemoteEndpoint handleCancellation
WARNING: Unmatched cancel notification for request id 2045
Apr 16, 2026 4:55:19 PM org.eclipse.lsp4j.jsonrpc.RemoteEndpoint handleCancellation
WARNING: Unmatched cancel notification for request id 2166
Apr 16, 2026 4:55:43 PM org.eclipse.lsp4j.jsonrpc.RemoteEndpoint handleCancellation
WARNING: Unmatched cancel notification for request id 2420
Apr 16, 2026 4:55:44 PM org.eclipse.lsp4j.jsonrpc.RemoteEndpoint handleCancellation
WARNING: Unmatched cancel notification for request id 2433
Apr 16, 2026 4:55:51 PM org.eclipse.lsp4j.jsonrpc.RemoteEndpoint handleCancellation
WARNING: Unmatched cancel notification for request id 2506
Apr 16, 2026 4:55:51 PM org.eclipse.lsp4j.jsonrpc.RemoteEndpoint handleCancellation
WARNING: Unmatched cancel notification for request id 2507
Apr 16, 2026 4:56:12 PM org.eclipse.lsp4j.jsonrpc.RemoteEndpoint handleCancellation
WARNING: Unmatched cancel notification for request id 2678
Apr 16, 2026 4:56:25 PM org.eclipse.lsp4j.jsonrpc.RemoteEndpoint handleCancellation
WARNING: Unmatched cancel notification for request id 2820
Apr 16, 2026 4:56:25 PM org.eclipse.lsp4j.jsonrpc.RemoteEndpoint handleCancellation
WARNING: Unmatched cancel notification for request id 2822
Apr 16, 2026 4:56:31 PM org.eclipse.lsp4j.jsonrpc.RemoteEndpoint handleCancellation
WARNING: Unmatched cancel notification for request id 2904
Apr 16, 2026 4:57:31 PM org.eclipse.lsp4j.jsonrpc.RemoteEndpoint handleCancellation
WARNING: Unmatched cancel notification for request id 3293
Apr 16, 2026 4:57:36 PM org.eclipse.lsp4j.jsonrpc.RemoteEndpoint handleCancellation
WARNING: Unmatched cancel notification for request id 3340
Apr 16, 2026 4:57:38 PM org.eclipse.lsp4j.jsonrpc.RemoteEndpoint handleCancellation
WARNING: Unmatched cancel notification for request id 3371
Apr 16, 2026 4:57:42 PM org.eclipse.lsp4j.jsonrpc.RemoteEndpoint handleCancellation
WARNING: Unmatched cancel notification for request id 3435
Apr 16, 2026 4:57:49 PM org.eclipse.lsp4j.jsonrpc.RemoteEndpoint handleCancellation
WARNING: Unmatched cancel notification for request id 3468
Apr 16, 2026 4:57:49 PM org.eclipse.lsp4j.jsonrpc.RemoteEndpoint handleCancellation
WARNING: Unmatched cancel notification for request id 3478
Apr 16, 2026 4:57:50 PM org.eclipse.lsp4j.jsonrpc.RemoteEndpoint handleCancellation
WARNING: Unmatched cancel notification for request id 3491
Apr 16, 2026 4:57:59 PM org.eclipse.lsp4j.jsonrpc.RemoteEndpoint handleCancellation
WARNING: Unmatched cancel notification for request id 3559
2026.04.16 16:58:18 INFO  compiling vending-test (1 scala source)
2026.04.16 16:58:20 INFO  time: compiled vending-test in 1.99s
2026.04.16 16:59:01 INFO  compiling vending-test (1 scala source)
2026.04.16 16:59:07 INFO  time: compiled vending-test in 5.77s
Apr 16, 2026 4:59:50 PM org.eclipse.lsp4j.jsonrpc.RemoteEndpoint handleCancellation
WARNING: Unmatched cancel notification for request id 3843
Apr 16, 2026 5:06:43 PM org.eclipse.lsp4j.jsonrpc.RemoteEndpoint handleCancellation
WARNING: Unmatched cancel notification for request id 4038
Apr 16, 2026 5:06:54 PM org.eclipse.lsp4j.jsonrpc.RemoteEndpoint handleCancellation
WARNING: Unmatched cancel notification for request id 4132
Apr 16, 2026 5:06:57 PM org.eclipse.lsp4j.jsonrpc.RemoteEndpoint handleCancellation
WARNING: Unmatched cancel notification for request id 4152
Apr 16, 2026 5:07:18 PM org.eclipse.lsp4j.jsonrpc.RemoteEndpoint handleCancellation
WARNING: Unmatched cancel notification for request id 4344
2026.04.16 17:07:34 INFO  compiling vending-test (1 scala source)
2026.04.16 17:07:41 INFO  time: compiled vending-test in 7.67s
2026.04.16 17:08:40 INFO  compiling vending-test (1 scala source)
2026.04.16 17:08:43 INFO  time: compiled vending-test in 3.94s
Apr 16, 2026 5:13:33 PM org.eclipse.lsp4j.jsonrpc.services.GenericEndpoint notify
INFO: Unsupported notification method: $/setTrace
2026.04.16 17:49:26 INFO  Shutting down server
2026.04.16 17:49:26 INFO  Memory monitor stopped
2026.04.16 17:49:26 INFO  shutting down Metals
2026.04.16 17:49:26 INFO  Shut down connection with build server.
2026.04.16 17:49:26 INFO  Exiting server
2026.04.16 17:52:31 INFO  Started: Metals version 1.6.7 in folders 'C:\Users\mikke\OneDrive\Desktop\DTU\02139 Digital Electronics 2\02139-vending-machine' for client Visual Studio Code 1.116.0.
2026.04.16 17:52:31 INFO  Memory monitor started
2026.04.16 17:52:32 WARN  Using H2 2.4.240 which is newer than the version Flyway has been verified with. The latest verified version of H2 is 2.3.232.
2026.04.16 17:52:32 INFO  no build target found for C:\Users\mikke\OneDrive\Desktop\DTU\02139 Digital Electronics 2\02139-vending-machine\vending\src\test\scala\VendingTester.scala. Using presentation compiler with project's scala-library version: 3.3.7
2026.04.16 17:52:34 INFO  no build target found for C:\Users\mikke\OneDrive\Desktop\DTU\02139 Digital Electronics 2\02139-vending-machine\vending\src\test\scala\VendingTester.scala. Using presentation compiler with project's scala-library version: 3.3.7
2026.04.16 17:52:35 INFO  Attempting to connect to the build server...
2026.04.16 17:52:35 INFO  Found a Bloop server running
2026.04.16 17:52:35 INFO  tracing is disabled for protocol BSP, to enable tracing of incoming and outgoing JSON messages create an empty file at C:\Users\mikke\OneDrive\Desktop\DTU\02139 Digital Electronics 2\02139-vending-machine\.metals\bsp.trace.json or C:\Users\mikke\AppData\Local\scalameta\metals\cache\bsp.trace.json
2026.04.16 17:52:36 INFO  time: Connected to build server in 1.71s
2026.04.16 17:52:36 INFO  Connected to Build server: Bloop v2.0.19
2026.04.16 17:52:36 INFO  time: Imported build in 0.25s
2026.04.16 17:52:37 WARN  2.13.14 is no longer supported in the current Metals versions, using the last known supported version 1.6.3
2026.04.16 17:52:42 WARN  Using H2 2.4.240 which is newer than the version Flyway has been verified with. The latest verified version of H2 is 2.3.232.
2026.04.16 17:52:43 INFO  no build target found for C:\Users\mikke\OneDrive\Desktop\DTU\02139 Digital Electronics 2\02139-vending-machine\vending\src\test\scala\VendingTester.scala. Using presentation compiler with project's scala-library version: 2.13.18
2026.04.16 17:52:43 INFO  no build target found for C:\Users\mikke\OneDrive\Desktop\DTU\02139 Digital Electronics 2\02139-vending-machine\vending\src\test\scala\VendingTester.scala. Using presentation compiler with project's scala-library version: 2.13.18
2026.04.16 17:52:44 INFO  time: indexed workspace in 7.33s
2026.04.16 17:52:44 WARN  no build target for: C:\Users\mikke\OneDrive\Desktop\DTU\02139 Digital Electronics 2\02139-vending-machine\vending\src\test\scala\VendingTester.scala
2026.04.16 17:52:44 WARN  no build target for: C:\Users\mikke\OneDrive\Desktop\DTU\02139 Digital Electronics 2\02139-vending-machine\vending\src\main\scala\VendingMachine.scala
2026.04.16 17:52:44 INFO  no build target found for C:\Users\mikke\OneDrive\Desktop\DTU\02139 Digital Electronics 2\02139-vending-machine\vending\src\test\scala\VendingTester.scala. Using presentation compiler with project's scala-library version: 2.13.18
2026.04.16 17:52:44 WARN  no build target for: C:\Users\mikke\OneDrive\Desktop\DTU\02139 Digital Electronics 2\02139-vending-machine\vending\src\main\scala\VendingMachine.scala
2026.04.16 17:52:44 WARN  no build target for: C:\Users\mikke\OneDrive\Desktop\DTU\02139 Digital Electronics 2\02139-vending-machine\vending\src\test\scala\VendingTester.scala
2026.04.16 17:52:44 INFO  no build target found for C:\Users\mikke\OneDrive\Desktop\DTU\02139 Digital Electronics 2\02139-vending-machine\vending\src\test\scala\VendingTester.scala. Using presentation compiler with project's scala-library version: 2.13.18
2026.04.16 17:52:45 INFO  no build target found for C:\Users\mikke\OneDrive\Desktop\DTU\02139 Digital Electronics 2\02139-vending-machine\vending\src\test\scala\VendingTester.scala. Using presentation compiler with project's scala-library version: 2.13.18
2026.04.16 17:52:46 INFO  no build target found for C:\Users\mikke\OneDrive\Desktop\DTU\02139 Digital Electronics 2\02139-vending-machine\vending\src\main\scala\VendingMachine.scala. Using presentation compiler with project's scala-library version: 2.13.18
2026.04.16 17:52:46 INFO  time: code lens generation in 1.57s
2026.04.16 17:52:48 INFO  no build target found for C:\Users\mikke\OneDrive\Desktop\DTU\02139 Digital Electronics 2\02139-vending-machine\vending\src\test\scala\VendingTester.scala. Using presentation compiler with project's scala-library version: 2.13.18
2026.04.16 17:56:55 INFO  Shutting down server
2026.04.16 17:56:55 INFO  Memory monitor stopped
2026.04.16 17:56:55 INFO  shutting down Metals
2026.04.16 17:56:55 INFO  Shut down connection with build server.
2026.04.16 17:56:55 INFO  Exiting server
2026.04.16 17:57:23 INFO  Started: Metals version 1.6.7 in folders 'C:\Users\mikke\OneDrive\Desktop\DTU\02139 Digital Electronics 2\02139-vending-machine' for client Visual Studio Code 1.116.0.
2026.04.16 17:57:23 INFO  Memory monitor started
2026.04.16 17:57:25 WARN  Using H2 2.4.240 which is newer than the version Flyway has been verified with. The latest verified version of H2 is 2.3.232.
2026.04.16 17:57:25 INFO  no build target found for C:\Users\mikke\OneDrive\Desktop\DTU\02139 Digital Electronics 2\02139-vending-machine\vending\src\test\scala\VendingTester.scala. Using presentation compiler with project's scala-library version: 3.3.7
Apr 16, 2026 5:57:26 PM org.eclipse.lsp4j.jsonrpc.services.GenericEndpoint notify
INFO: Unsupported notification method: $/setTrace
Apr 16, 2026 5:57:26 PM org.eclipse.lsp4j.jsonrpc.RemoteEndpoint handleCancellation
WARNING: Unmatched cancel notification for request id 2
2026.04.16 17:57:27 INFO  no build target found for C:\Users\mikke\OneDrive\Desktop\DTU\02139 Digital Electronics 2\02139-vending-machine\vending\src\test\scala\VendingTester.scala. Using presentation compiler with project's scala-library version: 3.3.7
2026.04.16 17:57:27 INFO  no build target found for C:\Users\mikke\OneDrive\Desktop\DTU\02139 Digital Electronics 2\02139-vending-machine\vending\src\test\scala\VendingTester.scala. Using presentation compiler with project's scala-library version: 3.3.7
2026.04.16 17:57:27 INFO  Attempting to connect to the build server...
2026.04.16 17:57:27 INFO  Found a Bloop server running
2026.04.16 17:57:28 INFO  tracing is disabled for protocol BSP, to enable tracing of incoming and outgoing JSON messages create an empty file at C:\Users\mikke\OneDrive\Desktop\DTU\02139 Digital Electronics 2\02139-vending-machine\.metals\bsp.trace.json or C:\Users\mikke\AppData\Local\scalameta\metals\cache\bsp.trace.json
2026.04.16 17:57:28 INFO  time: Connected to build server in 0.64s
2026.04.16 17:57:28 INFO  Connected to Build server: Bloop v2.0.19
2026.04.16 17:57:28 INFO  time: Imported build in 0.15s
2026.04.16 17:57:28 WARN  2.13.14 is no longer supported in the current Metals versions, using the last known supported version 1.6.3
2026.04.16 17:57:32 WARN  Using H2 2.4.240 which is newer than the version Flyway has been verified with. The latest verified version of H2 is 2.3.232.
2026.04.16 17:57:33 INFO  time: indexed workspace in 5.5s
2026.04.16 17:57:34 WARN  no build target for: C:\Users\mikke\OneDrive\Desktop\DTU\02139 Digital Electronics 2\02139-vending-machine\vending\src\test\scala\VendingTester.scala
2026.04.16 17:57:33 INFO  no build target found for C:\Users\mikke\OneDrive\Desktop\DTU\02139 Digital Electronics 2\02139-vending-machine\vending\src\test\scala\VendingTester.scala. Using presentation compiler with project's scala-library version: 2.13.18
2026.04.16 17:57:34 WARN  no build target for: C:\Users\mikke\OneDrive\Desktop\DTU\02139 Digital Electronics 2\02139-vending-machine\vending\src\test\scala\VendingTester.scala
2026.04.16 17:57:34 INFO  no build target found for C:\Users\mikke\OneDrive\Desktop\DTU\02139 Digital Electronics 2\02139-vending-machine\vending\src\test\scala\VendingTester.scala. Using presentation compiler with project's scala-library version: 2.13.18
2026.04.16 17:57:36 INFO  time: code lens generation in 2.42s
2026.04.16 17:57:36 INFO  time: code lens generation in 1.86s
2026.04.16 17:57:38 INFO  no build target found for C:\Users\mikke\OneDrive\Desktop\DTU\02139 Digital Electronics 2\02139-vending-machine\vending\src\test\scala\VendingTester.scala. Using presentation compiler with project's scala-library version: 2.13.18
2026.04.16 17:58:20 INFO  Shutting down server
2026.04.16 17:58:20 INFO  Memory monitor stopped
2026.04.16 17:58:20 INFO  shutting down Metals
2026.04.16 17:58:20 INFO  Shut down connection with build server.
2026.04.16 17:58:20 INFO  Exiting server
2026.04.16 17:59:30 INFO  Started: Metals version 1.6.7 in folders 'C:\Users\mikke\OneDrive\Desktop\DTU\02139 Digital Electronics 2\vendingmachineproject\02139-vending-machine' for client Visual Studio Code 1.116.0.
2026.04.16 17:59:30 INFO  Memory monitor started
2026.04.16 17:59:31 WARN  Using H2 2.4.240 which is newer than the version Flyway has been verified with. The latest verified version of H2 is 2.3.232.
2026.04.16 17:59:31 INFO  no build target found for C:\Users\mikke\OneDrive\Desktop\DTU\02139 Digital Electronics 2\vendingmachineproject\02139-vending-machine\vending\src\test\scala\VendingTester.scala. Using presentation compiler with project's scala-library version: 3.3.7
2026.04.16 17:59:34 INFO  no build target found for C:\Users\mikke\OneDrive\Desktop\DTU\02139 Digital Electronics 2\vendingmachineproject\02139-vending-machine\vending\src\test\scala\VendingTester.scala. Using presentation compiler with project's scala-library version: 3.3.7
2026.04.16 17:59:34 INFO  Attempting to connect to the build server...
2026.04.16 17:59:34 INFO  Found a Bloop server running
2026.04.16 17:59:35 INFO  tracing is disabled for protocol BSP, to enable tracing of incoming and outgoing JSON messages create an empty file at C:\Users\mikke\OneDrive\Desktop\DTU\02139 Digital Electronics 2\vendingmachineproject\02139-vending-machine\.metals\bsp.trace.json or C:\Users\mikke\AppData\Local\scalameta\metals\cache\bsp.trace.json
2026.04.16 17:59:36 INFO  time: Connected to build server in 1.34s
2026.04.16 17:59:35 INFO  Connected to Build server: Bloop v2.0.19
2026.04.16 17:59:36 INFO  time: Imported build in 0.23s
2026.04.16 17:59:36 WARN  2.13.14 is no longer supported in the current Metals versions, using the last known supported version 1.6.3
2026.04.16 17:59:42 WARN  Using H2 2.4.240 which is newer than the version Flyway has been verified with. The latest verified version of H2 is 2.3.232.
2026.04.16 17:59:44 INFO  time: indexed workspace in 7.84s
2026.04.16 17:59:44 WARN  no build target for: C:\Users\mikke\OneDrive\Desktop\DTU\02139 Digital Electronics 2\vendingmachineproject\02139-vending-machine\vending\src\test\scala\VendingTester.scala
2026.04.16 17:59:44 INFO  no build target found for C:\Users\mikke\OneDrive\Desktop\DTU\02139 Digital Electronics 2\vendingmachineproject\02139-vending-machine\vending\src\test\scala\VendingTester.scala. Using presentation compiler with project's scala-library version: 2.13.18
2026.04.16 17:59:44 INFO  no build target found for C:\Users\mikke\OneDrive\Desktop\DTU\02139 Digital Electronics 2\vendingmachineproject\02139-vending-machine\vending\src\test\scala\VendingTester.scala. Using presentation compiler with project's scala-library version: 2.13.18
2026.04.16 17:59:44 WARN  no build target for: C:\Users\mikke\OneDrive\Desktop\DTU\02139 Digital Electronics 2\vendingmachineproject\02139-vending-machine\vending\src\test\scala\VendingTester.scala
2026.04.16 17:59:47 INFO  time: code lens generation in 1.99s
2026.04.16 17:59:47 INFO  time: code lens generation in 2.56s
2026.04.16 17:59:48 INFO  no build target found for C:\Users\mikke\OneDrive\Desktop\DTU\02139 Digital Electronics 2\vendingmachineproject\02139-vending-machine\vending\src\test\scala\VendingTester.scala. Using presentation compiler with project's scala-library version: 2.13.18
2026.04.16 18:00:32 INFO  no build target found for C:\Users\mikke\OneDrive\Desktop\DTU\02139 Digital Electronics 2\vendingmachineproject\02139-vending-machine\vending\src\test\scala\VendingTester.scala. Using presentation compiler with project's scala-library version: 2.13.18
2026.04.17 09:27:45 INFO  Shutting down server
2026.04.17 09:27:45 INFO  Memory monitor stopped
2026.04.17 09:27:45 INFO  shutting down Metals
2026.04.17 09:27:45 INFO  Shut down connection with build server.
2026.04.17 09:27:45 INFO  Exiting server
2026.04.18 14:04:11 INFO  Started: Metals version 1.6.7 in folders 'C:\Users\mikke\OneDrive\Desktop\DTU\02139 Digital Electronics 2\vendingmachineproject\02139-vending-machine' for client Visual Studio Code 1.116.0.
2026.04.18 14:04:11 INFO  Memory monitor started
2026.04.18 14:04:12 WARN  Using H2 2.4.240 which is newer than the version Flyway has been verified with. The latest verified version of H2 is 2.3.232.
2026.04.18 14:04:12 INFO  no build target found for C:\Users\mikke\OneDrive\Desktop\DTU\02139 Digital Electronics 2\vendingmachineproject\02139-vending-machine\vending\src\main\scala\VendingMachine.scala. Using presentation compiler with project's scala-library version: 3.3.7
2026.04.18 14:04:15 INFO  no build target found for C:\Users\mikke\OneDrive\Desktop\DTU\02139 Digital Electronics 2\vendingmachineproject\02139-vending-machine\vending\src\main\scala\VendingMachine.scala. Using presentation compiler with project's scala-library version: 3.3.7
2026.04.18 14:04:15 INFO  no build target found for C:\Users\mikke\OneDrive\Desktop\DTU\02139 Digital Electronics 2\vendingmachineproject\02139-vending-machine\vending\src\main\scala\VendingMachine.scala. Using presentation compiler with project's scala-library version: 3.3.7
2026.04.18 14:04:15 INFO  no build target found for C:\Users\mikke\OneDrive\Desktop\DTU\02139 Digital Electronics 2\vendingmachineproject\02139-vending-machine\vending\src\main\scala\VendingMachine.scala. Using presentation compiler with project's scala-library version: 3.3.7
2026.04.18 14:04:15 INFO  Attempting to connect to the build server...
2026.04.18 14:04:15 INFO  Found a Bloop server running
2026.04.18 14:04:17 INFO  tracing is disabled for protocol BSP, to enable tracing of incoming and outgoing JSON messages create an empty file at C:\Users\mikke\OneDrive\Desktop\DTU\02139 Digital Electronics 2\vendingmachineproject\02139-vending-machine\.metals\bsp.trace.json or C:\Users\mikke\AppData\Local\scalameta\metals\cache\bsp.trace.json
2026.04.18 14:04:17 INFO  no build target found for C:\Users\mikke\OneDrive\Desktop\DTU\02139 Digital Electronics 2\vendingmachineproject\02139-vending-machine\vending\src\main\scala\VendingMachine.scala. Using presentation compiler with project's scala-library version: 3.3.7
2026.04.18 14:04:17 INFO  no build target found for C:\Users\mikke\OneDrive\Desktop\DTU\02139 Digital Electronics 2\vendingmachineproject\02139-vending-machine\vending\src\main\scala\VendingMachine.scala. Using presentation compiler with project's scala-library version: 3.3.7
2026.04.18 14:04:18 INFO  time: Connected to build server in 2.32s
2026.04.18 14:04:17 INFO  Connected to Build server: Bloop v2.0.19
2026.04.18 14:04:18 INFO  no build target found for C:\Users\mikke\OneDrive\Desktop\DTU\02139 Digital Electronics 2\vendingmachineproject\02139-vending-machine\vending\src\main\scala\VendingMachine.scala. Using presentation compiler with project's scala-library version: 3.3.7
Exception in thread "pool-10-thread-1" java.lang.InterruptedException
	at scala.meta.internal.metals.FutureCancelToken.checkCanceled(FutureCancelToken.scala:29)
	at scala.meta.internal.pc.CompilerAccess.onCompilerJobQueue$$anonfun$1(CompilerAccess.scala:208)
	at scala.meta.internal.pc.CompilerJobQueue$Job.run(CompilerJobQueue.scala:153)
	at java.base/java.util.concurrent.ThreadPoolExecutor.runWorker(ThreadPoolExecutor.java:1144)
	at java.base/java.util.concurrent.ThreadPoolExecutor$Worker.run(ThreadPoolExecutor.java:642)
	at java.base/java.lang.Thread.run(Thread.java:1583)
2026.04.18 14:04:18 INFO  no build target found for C:\Users\mikke\OneDrive\Desktop\DTU\02139 Digital Electronics 2\vendingmachineproject\02139-vending-machine\vending\src\main\scala\VendingMachine.scala. Using presentation compiler with project's scala-library version: 3.3.7
2026.04.18 14:04:18 INFO  time: Imported build in 0.85s
2026.04.18 14:04:18 INFO  no build target found for C:\Users\mikke\OneDrive\Desktop\DTU\02139 Digital Electronics 2\vendingmachineproject\02139-vending-machine\vending\src\main\scala\VendingMachine.scala. Using presentation compiler with project's scala-library version: 3.3.7
2026.04.18 14:04:19 WARN  2.13.14 is no longer supported in the current Metals versions, using the last known supported version 1.6.3
2026.04.18 14:04:20 INFO  no build target found for C:\Users\mikke\OneDrive\Desktop\DTU\02139 Digital Electronics 2\vendingmachineproject\02139-vending-machine\vending\src\main\scala\VendingMachine.scala. Using presentation compiler with project's scala-library version: 2.13.18
2026.04.18 14:04:20 INFO  no build target found for C:\Users\mikke\OneDrive\Desktop\DTU\02139 Digital Electronics 2\vendingmachineproject\02139-vending-machine\vending\src\main\scala\VendingMachine.scala. Using presentation compiler with project's scala-library version: 2.13.18
2026.04.18 14:04:20 INFO  no build target found for C:\Users\mikke\OneDrive\Desktop\DTU\02139 Digital Electronics 2\vendingmachineproject\02139-vending-machine\vending\src\main\scala\VendingMachine.scala. Using presentation compiler with project's scala-library version: 2.13.18
2026.04.18 14:04:20 INFO  no build target found for C:\Users\mikke\OneDrive\Desktop\DTU\02139 Digital Electronics 2\vendingmachineproject\02139-vending-machine\vending\src\main\scala\VendingMachine.scala. Using presentation compiler with project's scala-library version: 2.13.18
2026.04.18 14:04:21 INFO  no build target found for C:\Users\mikke\OneDrive\Desktop\DTU\02139 Digital Electronics 2\vendingmachineproject\02139-vending-machine\vending\src\main\scala\VendingMachine.scala. Using presentation compiler with project's scala-library version: 2.13.18
2026.04.18 14:04:21 INFO  no build target found for C:\Users\mikke\OneDrive\Desktop\DTU\02139 Digital Electronics 2\vendingmachineproject\02139-vending-machine\vending\src\main\scala\VendingMachine.scala. Using presentation compiler with project's scala-library version: 2.13.18
2026.04.18 14:04:21 INFO  no build target found for C:\Users\mikke\OneDrive\Desktop\DTU\02139 Digital Electronics 2\vendingmachineproject\02139-vending-machine\vending\src\main\scala\VendingMachine.scala. Using presentation compiler with project's scala-library version: 2.13.18
2026.04.18 14:04:22 INFO  no build target found for C:\Users\mikke\OneDrive\Desktop\DTU\02139 Digital Electronics 2\vendingmachineproject\02139-vending-machine\vending\src\main\scala\VendingMachine.scala. Using presentation compiler with project's scala-library version: 2.13.18
2026.04.18 14:04:28 WARN  Using H2 2.4.240 which is newer than the version Flyway has been verified with. The latest verified version of H2 is 2.3.232.
2026.04.18 14:04:31 INFO  time: indexed workspace in 11s
2026.04.18 14:04:31 WARN  no build target for: C:\Users\mikke\OneDrive\Desktop\DTU\02139 Digital Electronics 2\vendingmachineproject\02139-vending-machine\vending\src\main\scala\VendingMachine.scala
2026.04.18 14:04:31 INFO  no build target found for C:\Users\mikke\OneDrive\Desktop\DTU\02139 Digital Electronics 2\vendingmachineproject\02139-vending-machine\vending\src\main\scala\VendingMachine.scala. Using presentation compiler with project's scala-library version: 2.13.18
2026.04.18 14:04:31 INFO  no build target found for C:\Users\mikke\OneDrive\Desktop\DTU\02139 Digital Electronics 2\vendingmachineproject\02139-vending-machine\vending\src\main\scala\VendingMachine.scala. Using presentation compiler with project's scala-library version: 2.13.18
2026.04.18 14:04:31 WARN  no build target for: C:\Users\mikke\OneDrive\Desktop\DTU\02139 Digital Electronics 2\vendingmachineproject\02139-vending-machine\vending\src\main\scala\VendingMachine.scala
2026.04.18 14:04:32 INFO  time: code lens generation in 1.53s
2026.04.18 14:04:32 INFO  time: code lens generation in 1.53s
2026.04.18 14:04:34 INFO  no build target found for C:\Users\mikke\OneDrive\Desktop\DTU\02139 Digital Electronics 2\vendingmachineproject\02139-vending-machine\vending\src\main\scala\VendingMachine.scala. Using presentation compiler with project's scala-library version: 2.13.18
2026.04.18 14:05:01 INFO  no build target found for C:\Users\mikke\OneDrive\Desktop\DTU\02139 Digital Electronics 2\vendingmachineproject\02139-vending-machine\vending\src\main\scala\VendingMachine.scala. Using presentation compiler with project's scala-library version: 2.13.18
2026.04.18 14:05:08 INFO  no build target found for C:\Users\mikke\OneDrive\Desktop\DTU\02139 Digital Electronics 2\vendingmachineproject\02139-vending-machine\vending\src\main\scala\VendingMachine.scala. Using presentation compiler with project's scala-library version: 2.13.18
2026.04.18 14:05:17 INFO  no build target found for C:\Users\mikke\OneDrive\Desktop\DTU\02139 Digital Electronics 2\vendingmachineproject\02139-vending-machine\vending\src\main\scala\VendingMachine.scala. Using presentation compiler with project's scala-library version: 2.13.18
2026.04.18 14:06:12 INFO  no build target found for C:\Users\mikke\OneDrive\Desktop\DTU\02139 Digital Electronics 2\vendingmachineproject\02139-vending-machine\vending\src\main\scala\VendingMachine.scala. Using presentation compiler with project's scala-library version: 2.13.18
2026.04.18 14:06:12 INFO  no build target found for C:\Users\mikke\OneDrive\Desktop\DTU\02139 Digital Electronics 2\vendingmachineproject\02139-vending-machine\vending\src\main\scala\VendingMachine.scala. Using presentation compiler with project's scala-library version: 2.13.18
2026.04.18 14:06:13 WARN  no build target for: C:\Users\mikke\OneDrive\Desktop\DTU\02139 Digital Electronics 2\vendingmachineproject\02139-vending-machine\vending\src\main\scala\VendingMachine.scala
2026.04.18 14:06:13 INFO  no build target found for C:\Users\mikke\OneDrive\Desktop\DTU\02139 Digital Electronics 2\vendingmachineproject\02139-vending-machine\vending\src\main\scala\VendingMachine.scala. Using presentation compiler with project's scala-library version: 2.13.18
Apr 18, 2026 2:06:13 PM org.eclipse.lsp4j.jsonrpc.RemoteEndpoint handleCancellation
WARNING: Unmatched cancel notification for request id 34
2026.04.18 14:06:12 INFO  no build target found for C:\Users\mikke\OneDrive\Desktop\DTU\02139 Digital Electronics 2\vendingmachineproject\02139-vending-machine\vending\src\main\scala\VendingMachine.scala. Using presentation compiler with project's scala-library version: 2.13.18
2026.04.18 14:06:12 INFO  no build target found for C:\Users\mikke\OneDrive\Desktop\DTU\02139 Digital Electronics 2\vendingmachineproject\02139-vending-machine\vending\src\main\scala\VendingMachine.scala. Using presentation compiler with project's scala-library version: 2.13.18
2026.04.18 14:06:13 INFO  no build target found for C:\Users\mikke\OneDrive\Desktop\DTU\02139 Digital Electronics 2\vendingmachineproject\02139-vending-machine\vending\src\main\scala\VendingMachine.scala. Using presentation compiler with project's scala-library version: 2.13.18
2026.04.18 14:09:17 INFO  no build target found for C:\Users\mikke\OneDrive\Desktop\DTU\02139 Digital Electronics 2\vendingmachineproject\02139-vending-machine\vending\src\main\scala\VendingMachine.scala. Using presentation compiler with project's scala-library version: 2.13.18
2026.04.18 14:10:51 INFO  no build target found for C:\Users\mikke\OneDrive\Desktop\DTU\02139 Digital Electronics 2\vendingmachineproject\02139-vending-machine\vending\src\main\scala\VendingMachine.scala. Using presentation compiler with project's scala-library version: 2.13.18
2026.04.18 14:10:51 INFO  no build target found for C:\Users\mikke\OneDrive\Desktop\DTU\02139 Digital Electronics 2\vendingmachineproject\02139-vending-machine\vending\src\test\scala\VendingTester.scala. Using presentation compiler with project's scala-library version: 2.13.18
2026.04.18 14:10:51 INFO  no build target found for C:\Users\mikke\OneDrive\Desktop\DTU\02139 Digital Electronics 2\vendingmachineproject\02139-vending-machine\vending\src\test\scala\VendingTester.scala. Using presentation compiler with project's scala-library version: 2.13.18
2026.04.18 14:10:52 WARN  no build target for: C:\Users\mikke\OneDrive\Desktop\DTU\02139 Digital Electronics 2\vendingmachineproject\02139-vending-machine\vending\src\test\scala\VendingTester.scala
2026.04.18 14:10:52 INFO  no build target found for C:\Users\mikke\OneDrive\Desktop\DTU\02139 Digital Electronics 2\vendingmachineproject\02139-vending-machine\vending\src\test\scala\VendingTester.scala. Using presentation compiler with project's scala-library version: 2.13.18
2026.04.18 14:10:51 INFO  no build target found for C:\Users\mikke\OneDrive\Desktop\DTU\02139 Digital Electronics 2\vendingmachineproject\02139-vending-machine\vending\src\test\scala\VendingTester.scala. Using presentation compiler with project's scala-library version: 2.13.18
2026.04.18 14:10:52 INFO  no build target found for C:\Users\mikke\OneDrive\Desktop\DTU\02139 Digital Electronics 2\vendingmachineproject\02139-vending-machine\vending\src\test\scala\VendingTester.scala. Using presentation compiler with project's scala-library version: 2.13.18
2026.04.18 14:22:25 INFO  no build target found for C:\Users\mikke\OneDrive\Desktop\DTU\02139 Digital Electronics 2\vendingmachineproject\02139-vending-machine\vending\src\test\scala\VendingTester.scala. Using presentation compiler with project's scala-library version: 2.13.18
2026.04.18 14:22:25 INFO  no build target found for C:\Users\mikke\OneDrive\Desktop\DTU\02139 Digital Electronics 2\vendingmachineproject\02139-vending-machine\vending\src\test\scala\VendingTester.scala. Using presentation compiler with project's scala-library version: 2.13.18
2026.04.19 19:41:24 INFO  no build target found for C:\Users\mikke\OneDrive\Desktop\DTU\02139 Digital Electronics 2\vendingmachineproject\02139-vending-machine\vending\src\test\scala\VendingTester.scala. Using presentation compiler with project's scala-library version: 2.13.18
2026.04.19 19:41:24 INFO  no build target found for C:\Users\mikke\OneDrive\Desktop\DTU\02139 Digital Electronics 2\vendingmachineproject\02139-vending-machine\vending\src\test\scala\VendingTester.scala. Using presentation compiler with project's scala-library version: 2.13.18
2026.04.19 19:41:24 INFO  no build target found for C:\Users\mikke\OneDrive\Desktop\DTU\02139 Digital Electronics 2\vendingmachineproject\02139-vending-machine\vending\src\test\scala\VendingTester.scala. Using presentation compiler with project's scala-library version: 2.13.18
Apr 19, 2026 7:41:24 PM org.eclipse.lsp4j.jsonrpc.RemoteEndpoint handleCancellation
WARNING: Unmatched cancel notification for request id 173
Apr 19, 2026 7:41:24 PM org.eclipse.lsp4j.jsonrpc.RemoteEndpoint handleCancellation
WARNING: Unmatched cancel notification for request id 174
2026.04.19 19:42:24 INFO  no build target found for C:\Users\mikke\OneDrive\Desktop\DTU\02139 Digital Electronics 2\vendingmachineproject\02139-vending-machine\vending\src\test\scala\VendingTester.scala. Using presentation compiler with project's scala-library version: 2.13.18
2026.04.19 19:42:24 INFO  no build target found for C:\Users\mikke\OneDrive\Desktop\DTU\02139 Digital Electronics 2\vendingmachineproject\02139-vending-machine\vending\src\test\scala\VendingTester.scala. Using presentation compiler with project's scala-library version: 2.13.18
2026.04.19 19:42:24 INFO  no build target found for C:\Users\mikke\OneDrive\Desktop\DTU\02139 Digital Electronics 2\vendingmachineproject\02139-vending-machine\vending\src\test\scala\VendingTester.scala. Using presentation compiler with project's scala-library version: 2.13.18
Apr 19, 2026 7:42:24 PM org.eclipse.lsp4j.jsonrpc.RemoteEndpoint handleCancellation
WARNING: Unmatched cancel notification for request id 176
Apr 19, 2026 7:42:24 PM org.eclipse.lsp4j.jsonrpc.RemoteEndpoint handleCancellation
WARNING: Unmatched cancel notification for request id 177
